Command: make -j 6 flash
In file included from /home/devesh/Desktop/Glasses/Eyes-Spice/Software system/microphone_test/main/microphone_test.c:4:
/home/devesh/Desktop/Glasses/Eyes-Spice/Software system/microphone_test/main/microphone_test.c: In function 'app_main':
/home/devesh/Desktop/Glasses/Eyes-Spice/Software system/microphone_test/main/microphone_test.c:112:40: error: implicit declaration of function 'esp_psram_get_free_size'; did you mean 'heap_caps_get_free_size'? [-Wimplicit-function-declaration]
  112 |              esp_get_free_heap_size(), esp_psram_get_free_size());
      |                                        ^~~~~~~~~~~~~~~~~~~~~~~
/home/devesh/Desktop/esp-idf/components/log/include/esp_log.h:220:167: note: in definition of macro 'ESP_LOG_LEVEL'
  220 |         if (ESP_LOG_GET_LEVEL(configs)==ESP_LOG_ERROR)        { esp_log(ESP_LOG_CONFIG_INIT(ESP_LOG_ERROR),   tag, LOG_FORMAT(E, format), esp_log_timestamp(), tag, ##__VA_ARGS__); } \
      |                                                                                                                                                                       ^~~~~~~~~~~
/home/devesh/Desktop/esp-idf/components/log/include/esp_log.h:127:41: note: in expansion of macro 'ESP_LOG_LEVEL_LOCAL'
  127 | #define ESP_LOGI(tag, format, ...) do { ESP_LOG_LEVEL_LOCAL(ESP_LOG_INFO, tag, format, ##__VA_ARGS__); } while(0)
      |                                         ^~~~~~~~~~~~~~~~~~~
/home/devesh/Desktop/Glasses/Eyes-Spice/Software system/microphone_test/main/microphone_test.c:111:5: note: in expansion of macro 'ESP_LOGI'
  111 |     ESP_LOGI(TAG, "Free heap: %d, Free PSRAM: %d",
      |     ^~~~~~~~
make[3]: *** [esp-idf/main/CMakeFiles/__idf_main.dir/build.make:76: esp-idf/main/CMakeFiles/__idf_main.dir/microphone_test.c.obj] Error 1
make[2]: *** [CMakeFiles/Makefile2:6018: esp-idf/main/CMakeFiles/__idf_main.dir/all] Error 2
make[2]: *** Waiting for unfinished jobs....
make[1]: *** [CMakeFiles/Makefile2:2575: CMakeFiles/flash.dir/rule] Error 2
make: *** [Makefile:286: flash] Error 2
